\BOOKMARK [1][-]{section.1}{Introduction}{}% 1
\BOOKMARK [2][-]{subsection.1.1}{Problem\040Background}{section.1}% 2
\BOOKMARK [2][-]{subsection.1.2}{Restatement\040of\040Problem}{section.1}% 3
\BOOKMARK [2][-]{subsection.1.3}{Analysis\040of\040Problem}{section.1}% 4
\BOOKMARK [1][-]{section.2}{Assumptions}{}% 5
\BOOKMARK [1][-]{section.3}{Notations}{}% 6
\BOOKMARK [1][-]{section.4}{The\040Models}{}% 7
\BOOKMARK [2][-]{subsection.4.1}{Woody\040Fibers\040Decomposition\040Model}{section.4}% 8
\BOOKMARK [2][-]{subsection.4.2}{Ground\040Litter\040Decomposition\040Model}{section.4}% 9
\BOOKMARK [2][-]{subsection.4.3}{Fungi\040Selection}{section.4}% 10
\BOOKMARK [2][-]{subsection.4.4}{Fungi\040Interaction\040Model}{section.4}% 11
\BOOKMARK [2][-]{subsection.4.5}{Fungal\040Species\040Development\040Predictions}{section.4}% 12
\BOOKMARK [3][-]{subsubsection.4.5.1}{Single\040Fungal\040Species}{subsection.4.5}% 13
\BOOKMARK [3][-]{subsubsection.4.5.2}{Combinations\040of\040Fungal\040Species}{subsection.4.5}% 14
\BOOKMARK [1][-]{section.5}{Analysis\040of\040the\040Impacts\040of\040Fungal\040Diversity}{}% 15
\BOOKMARK [1][-]{section.6}{Sensitivity\040Analysis}{}% 16
\BOOKMARK [2][-]{subsection.6.1}{Analysis\040of\040Rapid\040Environmental\040Fluctuations}{section.6}% 17
\BOOKMARK [2][-]{subsection.6.2}{Sensitivity\040Test}{section.6}% 18
\BOOKMARK [1][-]{section.7}{Strengths\040and\040Weaknesses}{}% 19
\BOOKMARK [2][-]{subsection.7.1}{Strengths}{section.7}% 20
\BOOKMARK [2][-]{subsection.7.2}{Weaknesses}{section.7}% 21
\BOOKMARK [1][-]{section.8}{Article\040for\040College\040Level\040Biology\040Textbook}{}% 22
\BOOKMARK [1][-]{section*.1}{References}{}% 23
